0 info it worked if it ends with ok
1 verbose cli [ 'C:\\Program Files\\nodejs\\node.exe',
1 verbose cli   'C:\\Program Files\\nodejs\\node_modules\\npm\\bin\\npm-cli.js',
1 verbose cli   'install',
1 verbose cli   '--save',
1 verbose cli   'angular/material2-builds',
1 verbose cli   'angular/cdk-builds' ]
2 info using npm@3.10.10
3 info using node@v6.11.2
4 silly loadCurrentTree Starting
5 silly install loadCurrentTree
6 silly install readLocalPackageData
7 silly fetchPackageMetaData angular/material2-builds
8 silly fetchPackageMetaData angular/cdk-builds
9 silly fetchOtherPackageData angular/material2-builds
10 silly cache add args [ 'angular/material2-builds', null ]
11 verbose cache add spec angular/material2-builds
12 silly fetchOtherPackageData angular/cdk-builds
13 silly cache add args [ 'angular/cdk-builds', null ]
14 verbose cache add spec angular/cdk-builds
15 silly cache add parsed spec Result {
15 silly cache add   raw: 'angular/material2-builds',
15 silly cache add   scope: null,
15 silly cache add   escapedName: null,
15 silly cache add   name: null,
15 silly cache add   rawSpec: 'angular/material2-builds',
15 silly cache add   spec: 'github:angular/material2-builds',
15 silly cache add   type: 'hosted',
15 silly cache add   hosted:
15 silly cache add    { type: 'github',
15 silly cache add      ssh: 'git@github.com:angular/material2-builds.git',
15 silly cache add      sshUrl: 'git+ssh://git@github.com/angular/material2-builds.git',
15 silly cache add      httpsUrl: 'git+https://github.com/angular/material2-builds.git',
15 silly cache add      gitUrl: 'git://github.com/angular/material2-builds.git',
15 silly cache add      shortcut: 'github:angular/material2-builds',
15 silly cache add      directUrl: 'https://raw.githubusercontent.com/angular/material2-builds/master/package.json' } }
16 verbose addRemoteGit caching angular/material2-builds
17 verbose addRemoteGit angular/material2-builds is a repository hosted by github
18 silly tryGitProto attempting to clone git://github.com/angular/material2-builds.git
19 silly tryClone cloning angular/material2-builds via git://github.com/angular/material2-builds.git
20 verbose tryClone git-github-com-angular-material2-builds-git-bb085d2c not in flight; caching
21 verbose correctMkdir C:\Users\Drew\AppData\Roaming\npm-cache\_git-remotes correctMkdir not in flight; initializing
22 silly cache add parsed spec Result {
22 silly cache add   raw: 'angular/cdk-builds',
22 silly cache add   scope: null,
22 silly cache add   escapedName: null,
22 silly cache add   name: null,
22 silly cache add   rawSpec: 'angular/cdk-builds',
22 silly cache add   spec: 'github:angular/cdk-builds',
22 silly cache add   type: 'hosted',
22 silly cache add   hosted:
22 silly cache add    { type: 'github',
22 silly cache add      ssh: 'git@github.com:angular/cdk-builds.git',
22 silly cache add      sshUrl: 'git+ssh://git@github.com/angular/cdk-builds.git',
22 silly cache add      httpsUrl: 'git+https://github.com/angular/cdk-builds.git',
22 silly cache add      gitUrl: 'git://github.com/angular/cdk-builds.git',
22 silly cache add      shortcut: 'github:angular/cdk-builds',
22 silly cache add      directUrl: 'https://raw.githubusercontent.com/angular/cdk-builds/master/package.json' } }
23 verbose addRemoteGit caching angular/cdk-builds
24 verbose addRemoteGit angular/cdk-builds is a repository hosted by github
25 silly tryGitProto attempting to clone git://github.com/angular/cdk-builds.git
26 silly tryClone cloning angular/cdk-builds via git://github.com/angular/cdk-builds.git
27 verbose tryClone git-github-com-angular-cdk-builds-git-79fe8880 not in flight; caching
28 verbose correctMkdir C:\Users\Drew\AppData\Roaming\npm-cache\_git-remotes correctMkdir already in flight; waiting
29 verbose makeDirectory C:\Users\Drew\AppData\Roaming\npm-cache\_git-remotes creation not in flight; initializing
30 verbose makeCacheDir UID & GID are irrelevant on win32
31 verbose git clone --template=C:\Users\Drew\AppData\Roaming\npm-cache\_git-remotes\_templates --mirror git://github.com/angular/material2-builds.git C:\Users\Drew\AppData\Roaming\npm-cache\_git-remotes\git-github-com-angular-material2-builds-git-bb085d2c: undefined
31 verbose git clone --template=C:\Users\Drew\AppData\Roaming\npm-cache\_git-remotes\_templates --mirror git://github.com/angular/material2-builds.git C:\Users\Drew\AppData\Roaming\npm-cache\_git-remotes\git-github-com-angular-material2-builds-git-bb085d2c: undefined
32 silly tryHTTPS attempting to clone git+https://github.com/angular/material2-builds.git
33 silly tryClone cloning angular/material2-builds via git+https://github.com/angular/material2-builds.git
34 verbose tryClone git-https-github-com-angular-material2-builds-git-ff59bac4 not in flight; caching
35 verbose correctMkdir C:\Users\Drew\AppData\Roaming\npm-cache\_git-remotes correctMkdir not in flight; initializing
36 verbose git clone --template=C:\Users\Drew\AppData\Roaming\npm-cache\_git-remotes\_templates --mirror git://github.com/angular/cdk-builds.git C:\Users\Drew\AppData\Roaming\npm-cache\_git-remotes\git-github-com-angular-cdk-builds-git-79fe8880: undefined
36 verbose git clone --template=C:\Users\Drew\AppData\Roaming\npm-cache\_git-remotes\_templates --mirror git://github.com/angular/cdk-builds.git C:\Users\Drew\AppData\Roaming\npm-cache\_git-remotes\git-github-com-angular-cdk-builds-git-79fe8880: undefined
37 silly tryHTTPS attempting to clone git+https://github.com/angular/cdk-builds.git
38 silly tryClone cloning angular/cdk-builds via git+https://github.com/angular/cdk-builds.git
39 verbose tryClone git-https-github-com-angular-cdk-builds-git-081cc585 not in flight; caching
40 verbose correctMkdir C:\Users\Drew\AppData\Roaming\npm-cache\_git-remotes correctMkdir not in flight; initializing
41 verbose git clone --template=C:\Users\Drew\AppData\Roaming\npm-cache\_git-remotes\_templates --mirror https://github.com/angular/material2-builds.git C:\Users\Drew\AppData\Roaming\npm-cache\_git-remotes\git-https-github-com-angular-material2-builds-git-ff59bac4: undefined
41 verbose git clone --template=C:\Users\Drew\AppData\Roaming\npm-cache\_git-remotes\_templates --mirror https://github.com/angular/material2-builds.git C:\Users\Drew\AppData\Roaming\npm-cache\_git-remotes\git-https-github-com-angular-material2-builds-git-ff59bac4: undefined
42 silly trySSH attempting to clone git@github.com:angular/material2-builds.git
43 silly tryClone cloning angular/material2-builds via git@github.com:angular/material2-builds.git
44 verbose tryClone git-github-com-angular-material2-builds-git-45d8bfbe not in flight; caching
45 verbose correctMkdir C:\Users\Drew\AppData\Roaming\npm-cache\_git-remotes correctMkdir not in flight; initializing
46 verbose git clone --template=C:\Users\Drew\AppData\Roaming\npm-cache\_git-remotes\_templates --mirror https://github.com/angular/cdk-builds.git C:\Users\Drew\AppData\Roaming\npm-cache\_git-remotes\git-https-github-com-angular-cdk-builds-git-081cc585: undefined
46 verbose git clone --template=C:\Users\Drew\AppData\Roaming\npm-cache\_git-remotes\_templates --mirror https://github.com/angular/cdk-builds.git C:\Users\Drew\AppData\Roaming\npm-cache\_git-remotes\git-https-github-com-angular-cdk-builds-git-081cc585: undefined
47 silly trySSH attempting to clone git@github.com:angular/cdk-builds.git
48 silly tryClone cloning angular/cdk-builds via git@github.com:angular/cdk-builds.git
49 verbose tryClone git-github-com-angular-cdk-builds-git-6c5976c2 not in flight; caching
50 verbose correctMkdir C:\Users\Drew\AppData\Roaming\npm-cache\_git-remotes correctMkdir not in flight; initializing
51 error git clone --template=C:\Users\Drew\AppData\Roaming\npm-cache\_git-remotes\_templates --mirror git@github.com:angular/material2-builds.git C:\Users\Drew\AppData\Roaming\npm-cache\_git-remotes\git-github-com-angular-material2-builds-git-45d8bfbe: undefined
51 error git clone --template=C:\Users\Drew\AppData\Roaming\npm-cache\_git-remotes\_templates --mirror git@github.com:angular/material2-builds.git C:\Users\Drew\AppData\Roaming\npm-cache\_git-remotes\git-github-com-angular-material2-builds-git-45d8bfbe: undefined
52 silly fetchPackageMetaData Error: not found: git
52 silly fetchPackageMetaData     at getNotFoundError (C:\Program Files\nodejs\node_modules\npm\node_modules\which\which.js:14:12)
52 silly fetchPackageMetaData     at F (C:\Program Files\nodejs\node_modules\npm\node_modules\which\which.js:69:19)
52 silly fetchPackageMetaData     at E (C:\Program Files\nodejs\node_modules\npm\node_modules\which\which.js:81:29)
52 silly fetchPackageMetaData     at C:\Program Files\nodejs\node_modules\npm\node_modules\which\which.js:90:16
52 silly fetchPackageMetaData     at C:\Program Files\nodejs\node_modules\npm\node_modules\which\node_modules\isexe\index.js:44:5
52 silly fetchPackageMetaData     at C:\Program Files\nodejs\node_modules\npm\node_modules\which\node_modules\isexe\windows.js:29:5
52 silly fetchPackageMetaData     at C:\Program Files\nodejs\node_modules\npm\node_modules\graceful-fs\polyfills.js:264:29
52 silly fetchPackageMetaData     at FSReqWrap.oncomplete (fs.js:123:15)
52 silly fetchPackageMetaData  error for angular/material2-builds { Error: not found: git
52 silly fetchPackageMetaData     at getNotFoundError (C:\Program Files\nodejs\node_modules\npm\node_modules\which\which.js:14:12)
52 silly fetchPackageMetaData     at F (C:\Program Files\nodejs\node_modules\npm\node_modules\which\which.js:69:19)
52 silly fetchPackageMetaData     at E (C:\Program Files\nodejs\node_modules\npm\node_modules\which\which.js:81:29)
52 silly fetchPackageMetaData     at C:\Program Files\nodejs\node_modules\npm\node_modules\which\which.js:90:16
52 silly fetchPackageMetaData     at C:\Program Files\nodejs\node_modules\npm\node_modules\which\node_modules\isexe\index.js:44:5
52 silly fetchPackageMetaData     at C:\Program Files\nodejs\node_modules\npm\node_modules\which\node_modules\isexe\windows.js:29:5
52 silly fetchPackageMetaData     at C:\Program Files\nodejs\node_modules\npm\node_modules\graceful-fs\polyfills.js:264:29
52 silly fetchPackageMetaData     at FSReqWrap.oncomplete (fs.js:123:15) code: 'ENOGIT' }
53 error git clone --template=C:\Users\Drew\AppData\Roaming\npm-cache\_git-remotes\_templates --mirror git@github.com:angular/cdk-builds.git C:\Users\Drew\AppData\Roaming\npm-cache\_git-remotes\git-github-com-angular-cdk-builds-git-6c5976c2: undefined
53 error git clone --template=C:\Users\Drew\AppData\Roaming\npm-cache\_git-remotes\_templates --mirror git@github.com:angular/cdk-builds.git C:\Users\Drew\AppData\Roaming\npm-cache\_git-remotes\git-github-com-angular-cdk-builds-git-6c5976c2: undefined
54 silly fetchPackageMetaData Error: not found: git
54 silly fetchPackageMetaData     at getNotFoundError (C:\Program Files\nodejs\node_modules\npm\node_modules\which\which.js:14:12)
54 silly fetchPackageMetaData     at F (C:\Program Files\nodejs\node_modules\npm\node_modules\which\which.js:69:19)
54 silly fetchPackageMetaData     at E (C:\Program Files\nodejs\node_modules\npm\node_modules\which\which.js:81:29)
54 silly fetchPackageMetaData     at C:\Program Files\nodejs\node_modules\npm\node_modules\which\which.js:90:16
54 silly fetchPackageMetaData     at C:\Program Files\nodejs\node_modules\npm\node_modules\which\node_modules\isexe\index.js:44:5
54 silly fetchPackageMetaData     at C:\Program Files\nodejs\node_modules\npm\node_modules\which\node_modules\isexe\windows.js:29:5
54 silly fetchPackageMetaData     at C:\Program Files\nodejs\node_modules\npm\node_modules\graceful-fs\polyfills.js:264:29
54 silly fetchPackageMetaData     at FSReqWrap.oncomplete (fs.js:123:15)
54 silly fetchPackageMetaData  error for angular/cdk-builds { Error: not found: git
54 silly fetchPackageMetaData     at getNotFoundError (C:\Program Files\nodejs\node_modules\npm\node_modules\which\which.js:14:12)
54 silly fetchPackageMetaData     at F (C:\Program Files\nodejs\node_modules\npm\node_modules\which\which.js:69:19)
54 silly fetchPackageMetaData     at E (C:\Program Files\nodejs\node_modules\npm\node_modules\which\which.js:81:29)
54 silly fetchPackageMetaData     at C:\Program Files\nodejs\node_modules\npm\node_modules\which\which.js:90:16
54 silly fetchPackageMetaData     at C:\Program Files\nodejs\node_modules\npm\node_modules\which\node_modules\isexe\index.js:44:5
54 silly fetchPackageMetaData     at C:\Program Files\nodejs\node_modules\npm\node_modules\which\node_modules\isexe\windows.js:29:5
54 silly fetchPackageMetaData     at C:\Program Files\nodejs\node_modules\npm\node_modules\graceful-fs\polyfills.js:264:29
54 silly fetchPackageMetaData     at FSReqWrap.oncomplete (fs.js:123:15) code: 'ENOGIT' }
55 silly rollbackFailedOptional Starting
56 silly rollbackFailedOptional Finishing
57 silly runTopLevelLifecycles Finishing
58 silly install printInstalled
59 verbose stack Error: not found: git
59 verbose stack     at getNotFoundError (C:\Program Files\nodejs\node_modules\npm\node_modules\which\which.js:14:12)
59 verbose stack     at F (C:\Program Files\nodejs\node_modules\npm\node_modules\which\which.js:69:19)
59 verbose stack     at E (C:\Program Files\nodejs\node_modules\npm\node_modules\which\which.js:81:29)
59 verbose stack     at C:\Program Files\nodejs\node_modules\npm\node_modules\which\which.js:90:16
59 verbose stack     at C:\Program Files\nodejs\node_modules\npm\node_modules\which\node_modules\isexe\index.js:44:5
59 verbose stack     at C:\Program Files\nodejs\node_modules\npm\node_modules\which\node_modules\isexe\windows.js:29:5
59 verbose stack     at C:\Program Files\nodejs\node_modules\npm\node_modules\graceful-fs\polyfills.js:264:29
59 verbose stack     at FSReqWrap.oncomplete (fs.js:123:15)
60 verbose cwd C:\Users\Drew\Documents\AMyAutoNote\angular\myAutoNote-angular-ui
61 error Windows_NT 6.3.9600
62 error argv "C:\\Program Files\\nodejs\\node.exe" "C:\\Program Files\\nodejs\\node_modules\\npm\\bin\\npm-cli.js" "install" "--save" "angular/material2-builds" "angular/cdk-builds"
63 error node v6.11.2
64 error npm  v3.10.10
65 error code ENOGIT
66 error not found: git
67 error Failed using git.
67 error This is most likely not a problem with npm itself.
67 error Please check if you have git installed and in your PATH.
68 verbose exit [ 1, true ]
